<?xml version="1.0" encoding="UTF-8"?>
<!-- Generated by org.testng.reporters.JUnitReportReporter -->
<testsuite skipped="0" hostname="Kavis-iMac.hsd1.ma.comcast.net" name="POMwithPage.POMtestnf" tests="2" failures="0" timestamp="2020-04-20T17:01:01 EDT" time="6.393" errors="0">
  <testcase name="f" time="2.107" classname="POMwithPage.POMtestnf"/>
  <testcase name="sendemail" time="4.286" classname="POMwithPage.POMtestnf"/>
</testsuite> <!-- POMwithPage.POMtestnf -->
